#
# There is insufficient memory for the Java Runtime Environment to continue.
# Native memory allocation (malloc) failed to allocate 926896 bytes for Chunk::new
# Possible reasons:
#   The system is out of physical RAM or swap space
#   The process is running with CompressedOops enabled, and the Java Heap may be blocking the growth of the native heap
# Possible solutions:
#   Reduce memory load on the system
#   Increase physical memory or swap space
#   Check if swap backing store is full
#   Decrease Java heap size (-Xmx/-Xms)
#   Decrease number of Java threads
#   Decrease Java thread stack sizes (-Xss)
#   Set larger code cache with -XX:ReservedCodeCacheSize=
#   JVM is running with Unscaled Compressed Oops mode in which the Java heap is
#     placed in the first 4GB address space. The Java Heap base address is the
#     maximum limit for the native heap growth. Please use -XX:HeapBaseMinAddress
#     to set the Java Heap base and to place the Java Heap above 4GB virtual address.
# This output file may be truncated or incomplete.
#
#  Out of Memory Error (./open/src/hotspot/share/memory/arena.cpp:197), pid=8092, tid=15404
#
# JRE version: Java(TM) SE Runtime Environment 18.9 (11.0.16.1+1) (build 11.0.16.1+1-LTS-1)
# Java VM: Java HotSpot(TM) 64-Bit Server VM 18.9 (11.0.16.1+1-LTS-1, mixed mode, tiered, compressed oops, g1 gc, windows-amd64)
# No core dump will be written. Minidumps are not enabled by default on client versions of Windows
#

---------------  S U M M A R Y ------------

Command Line: -ea -Didea.test.cyclic.buffer.size=1048576 -javaagent:C:\Users\ASUS\IntelliJ IDEA Community Edition 2022.3\lib\idea_rt.jar=58912:C:\Users\ASUS\IntelliJ IDEA Community Edition 2022.3\bin -Dfile.encoding=UTF-8 com.intellij.rt.testng.RemoteTestNGStarter -usedefaultlisteners false -socket58911 @w@C:\Users\ASUS\AppData\Local\Temp\idea_working_dirs_testng.tmp -temp C:\Users\ASUS\AppData\Local\Temp\idea_testng.tmp

Host: AMD Ryzen 5 3500U with Radeon Vega Mobile Gfx  , 8 cores, 5G,  Windows 10 , 64 bit Build 19041 (10.0.19041.2364)
Time: Tue Jan 17 16:58:06 2023  Windows 10 , 64 bit Build 19041 (10.0.19041.2364) elapsed time: 2.907002 seconds (0d 0h 0m 2s)

---------------  T H R E A D  ---------------

Current thread (0x0000022f99f75000):  JavaThread "C2 CompilerThread0" daemon [_thread_in_native, id=15404, stack(0x000000721b200000,0x000000721b300000)]


Current CompileTask:
C2:   2907 2009       4       java.net.URLStreamHandler::parseURL (1201 bytes)

Stack: [0x000000721b200000,0x000000721b300000]
Native frames: (J=compiled Java code, j=interpreted, Vv=VM code, C=native code)
V  [jvm.dll+0x62a3da]
V  [jvm.dll+0x76407f]
V  [jvm.dll+0x765729]
V  [jvm.dll+0x765db3]
V  [jvm.dll+0x23dc18]
V  [jvm.dll+0xb2a1c]
V  [jvm.dll+0xb2fdc]
V  [jvm.dll+0x341452]
V  [jvm.dll+0x30ee03]
V  [jvm.dll+0x30e14a]
V  [jvm.dll+0x1f8685]
V  [jvm.dll+0x1f786d]
V  [jvm.dll+0x177c81]
V  [jvm.dll+0x207186]
V  [jvm.dll+0x20531b]
V  [jvm.dll+0x729f60]
V  [jvm.dll+0x722b34]
V  [jvm.dll+0x629276]
C  [ucrtbase.dll+0x21bb2]
C  [KERNEL32.DLL+0x17614]
C  [ntdll.dll+0x526a1]


---------------  P R O C E S S  ---------------

Threads class SMR info:
_java_thread_list=0x0000022f9ceafa10, length=21, elements={
0x0000022ffd1e3800, 0x0000022f99f47800, 0x0000022f99f50800, 0x0000022f9a8f3000,
0x0000022f99f66800, 0x0000022f99f69800, 0x0000022f99f75000, 0x0000022f99f7c800,
0x0000022f99f86000, 0x0000022f99f8c800, 0x0000022f99f87000, 0x0000022f99f8b800,
0x0000022f99f8b000, 0x0000022f99f87800, 0x0000022f99f88800, 0x0000022f99f89800,
0x0000022f99f8a000, 0x0000022f9c366800, 0x0000022f9c363800, 0x0000022f9c369000,
0x0000022f9c368000
}

Java Threads: ( => current thread )
  0x0000022ffd1e3800 JavaThread "Forwarding newSession on session null to remote" [_thread_blocked, id=18800, stack(0x000000721a600000,0x000000721a700000)]
  0x0000022f99f47800 JavaThread "Reference Handler" daemon [_thread_blocked, id=20024, stack(0x000000721ad00000,0x000000721ae00000)]
  0x0000022f99f50800 JavaThread "Finalizer" daemon [_thread_blocked, id=19312, stack(0x000000721ae00000,0x000000721af00000)]
  0x0000022f9a8f3000 JavaThread "Signal Dispatcher" daemon [_thread_blocked, id=14328, stack(0x000000721af00000,0x000000721b000000)]
  0x0000022f99f66800 JavaThread "Attach Listener" daemon [_thread_blocked, id=17940, stack(0x000000721b000000,0x000000721b100000)]
  0x0000022f99f69800 JavaThread "Service Thread" daemon [_thread_blocked, id=13788, stack(0x000000721b100000,0x000000721b200000)]
=>0x0000022f99f75000 JavaThread "C2 CompilerThread0" daemon [_thread_in_native, id=15404, stack(0x000000721b200000,0x000000721b300000)]
  0x0000022f99f7c800 JavaThread "C1 CompilerThread0" daemon [_thread_blocked, id=8268, stack(0x000000721b300000,0x000000721b400000)]
  0x0000022f99f86000 JavaThread "Sweeper thread" daemon [_thread_blocked, id=14604, stack(0x000000721b400000,0x000000721b500000)]
  0x0000022f99f8c800 JavaThread "Common-Cleaner" daemon [_thread_blocked, id=14060, stack(0x000000721b500000,0x000000721b600000)]
  0x0000022f99f87000 JavaThread "Monitor Ctrl-Break" daemon [_thread_in_native, id=16380, stack(0x000000721b700000,0x000000721b800000)]
  0x0000022f99f8b800 JavaThread "ForkJoinPool.commonPool-worker-3" daemon [_thread_blocked, id=13112, stack(0x000000721bb00000,0x000000721bc00000)]
  0x0000022f99f8b000 JavaThread "AsyncHttpClient-1-1" daemon [_thread_blocked, id=4468, stack(0x000000721bc00000,0x000000721bd00000)]
  0x0000022f99f87800 JavaThread "Exec Default Executor" daemon [_thread_in_native, id=17932, stack(0x000000721be00000,0x000000721bf00000)]
  0x0000022f99f88800 JavaThread "Exec Stream Pumper" daemon [_thread_in_native, id=9580, stack(0x000000721bf00000,0x000000721c000000)]
  0x0000022f99f89800 JavaThread "Exec Stream Pumper" daemon [_thread_in_native, id=10344, stack(0x000000721c000000,0x000000721c100000)]
  0x0000022f99f8a000 JavaThread "Driver Service Executor" daemon [_thread_blocked, id=19420, stack(0x000000721c100000,0x000000721c200000)]
  0x0000022f9c366800 JavaThread "Driver Service Executor" daemon [_thread_blocked, id=15396, stack(0x000000721c200000,0x000000721c300000)]
  0x0000022f9c363800 JavaThread "UrlChecker-2" daemon [_thread_blocked, id=19852, stack(0x000000721c300000,0x000000721c400000)]
  0x0000022f9c369000 JavaThread "Keep-Alive-Timer" daemon [_thread_blocked, id=19700, stack(0x000000721b600000,0x000000721b700000)]
  0x0000022f9c368000 JavaThread "AsyncHttpClient-1-2" daemon [_thread_in_native, id=19928, stack(0x000000721b900000,0x000000721ba00000)]

Other Threads:
  0x0000022f99f24000 VMThread "VM Thread" [stack: 0x000000721ac00000,0x000000721ad00000] [id=14324]
  0x0000022f9abd1800 WatcherThread [stack: 0x000000721b800000,0x000000721b900000] [id=12340]
  0x0000022ffd1f7800 GCTaskThread "GC Thread#0" [stack: 0x000000721a700000,0x000000721a800000] [id=18972]
  0x0000022f9bd41000 GCTaskThread "GC Thread#1" [stack: 0x000000721ba00000,0x000000721bb00000] [id=18764]
  0x0000022ffd21e800 ConcurrentGCThread "G1 Main Marker" [stack: 0x000000721a800000,0x000000721a900000] [id=10436]
  0x0000022ffd222000 ConcurrentGCThread "G1 Conc#0" [stack: 0x000000721a900000,0x000000721aa00000] [id=5992]
  0x0000022f9be1c800 ConcurrentGCThread "G1 Conc#1" [stack: 0x000000721bd00000,0x000000721be00000] [id=7280]
  0x0000022ffd2a8000 ConcurrentGCThread "G1 Refine#0" [stack: 0x000000721aa00000,0x000000721ab00000] [id=18052]
  0x0000022ffd2a9000 ConcurrentGCThread "G1 Young RemSet Sampling" [stack: 0x000000721ab00000,0x000000721ac00000] [id=18596]

Threads with active compile tasks:
C2 CompilerThread0     2947 2009       4       java.net.URLStreamHandler::parseURL (1201 bytes)

VM state:not at safepoint (normal execution)

VM Mutex/Monitor currently owned by a thread: None

Heap address: 0x00000000a0c00000, size: 1524 MB, Compressed Oops mode: 32-bit
Narrow klass base: 0x0000000000000000, Narrow klass shift: 3
Compressed class space size: 1073741824 Address: 0x0000000100000000

Heap:
 garbage-first heap   total 98304K, used 18192K [0x00000000a0c00000, 0x0000000100000000)
  region size 1024K, 9 young (9216K), 4 survivors (4096K)
 Metaspace       used 27026K, capacity 27898K, committed 28156K, reserved 1073152K
  class space    used 3157K, capacity 3536K, committed 3584K, reserved 1048576K
Heap Regions: E=young(eden), S=young(survivor), O=old, HS=humongous(starts), HC=humongous(continues), CS=collection set, F=free, A=archive, TAMS=top-at-mark-start (previous, next)
|   0|0x00000000a0c00000, 0x00000000a0d00000, 0x00000000a0d00000|100%| O|  |TAMS 0x00000000a0d00000, 0x00000000a0c00000| Untracked 
|   1|0x00000000a0d00000, 0x00000000a0e00000, 0x00000000a0e00000|100%| O|  |TAMS 0x00000000a0e00000, 0x00000000a0d00000| Untracked 
|   2|0x00000000a0e00000, 0x00000000a0f00000, 0x00000000a0f00000|100%| O|  |TAMS 0x00000000a0e1be00, 0x00000000a0e00000| Untracked 
|   3|0x00000000a0f00000, 0x00000000a1000000, 0x00000000a1000000|100%| O|  |TAMS 0x00000000a0f00000, 0x00000000a0f00000| Untracked 
|   4|0x00000000a1000000, 0x00000000a1100000, 0x00000000a1100000|100%| O|  |TAMS 0x00000000a1000000, 0x00000000a1000000| Untracked 
|   5|0x00000000a1100000, 0x00000000a1114200, 0x00000000a1200000|  7%| O|  |TAMS 0x00000000a1100000, 0x00000000a1100000| Untracked 
|   6|0x00000000a1200000, 0x00000000a1300000, 0x00000000a1300000|100%|HS|  |TAMS 0x00000000a1200000, 0x00000000a1200000| Complete 
|   7|0x00000000a1300000, 0x00000000a1400000, 0x00000000a1400000|100%|HC|  |TAMS 0x00000000a1300000, 0x00000000a1300000| Complete 
|   8|0x00000000a1400000, 0x00000000a1500000, 0x00000000a1500000|100%|HC|  |TAMS 0x00000000a1400000, 0x00000000a1400000| Complete 
|   9|0x00000000a1500000, 0x00000000a1600000, 0x00000000a1600000|100%|HC|  |TAMS 0x00000000a1500000, 0x00000000a1500000| Complete 
|  10|0x00000000a1600000, 0x00000000a1700000, 0x00000000a1700000|100%|HC|  |TAMS 0x00000000a1600000, 0x00000000a1600000| Complete 
|  11|0x00000000a1700000, 0x00000000a1700000, 0x00000000a1800000|  0%| F|  |TAMS 0x00000000a1700000, 0x00000000a1700000| Untracked 
|  12|0x00000000a1800000, 0x00000000a1800000, 0x00000000a1900000|  0%| F|  |TAMS 0x00000000a1800000, 0x00000000a1800000| Untracked 
|  13|0x00000000a1900000, 0x00000000a1900000, 0x00000000a1a00000|  0%| F|  |TAMS 0x00000000a1900000, 0x00000000a1900000| Untracked 
|  14|0x00000000a1a00000, 0x00000000a1a00000, 0x00000000a1b00000|  0%| F|  |TAMS 0x00000000a1a00000, 0x00000000a1a00000| Untracked 
|  15|0x00000000a1b00000, 0x00000000a1b00000, 0x00000000a1c00000|  0%| F|  |TAMS 0x00000000a1b00000, 0x00000000a1b00000| Untracked 
|  16|0x00000000a1c00000, 0x00000000a1c00000, 0x00000000a1d00000|  0%| F|  |TAMS 0x00000000a1c00000, 0x00000000a1c00000| Untracked 
|  17|0x00000000a1d00000, 0x00000000a1d00000, 0x00000000a1e00000|  0%| F|  |TAMS 0x00000000a1d00000, 0x00000000a1d00000| Untracked 
|  18|0x00000000a1e00000, 0x00000000a1e00000, 0x00000000a1f00000|  0%| F|  |TAMS 0x00000000a1e00000, 0x00000000a1e00000| Untracked 
|  19|0x00000000a1f00000, 0x00000000a1f00000, 0x00000000a2000000|  0%| F|  |TAMS 0x00000000a1f00000, 0x00000000a1f00000| Untracked 
|  20|0x00000000a2000000, 0x00000000a2000000, 0x00000000a2100000|  0%| F|  |TAMS 0x00000000a2000000, 0x00000000a2000000| Untracked 
|  21|0x00000000a2100000, 0x00000000a2100000, 0x00000000a2200000|  0%| F|  |TAMS 0x00000000a2100000, 0x00000000a2100000| Untracked 
|  22|0x00000000a2200000, 0x00000000a2200000, 0x00000000a2300000|  0%| F|  |TAMS 0x00000000a2200000, 0x00000000a2200000| Untracked 
|  23|0x00000000a2300000, 0x00000000a2300000, 0x00000000a2400000|  0%| F|  |TAMS 0x00000000a2300000, 0x00000000a2300000| Untracked 
|  24|0x00000000a2400000, 0x00000000a2400000, 0x00000000a2500000|  0%| F|  |TAMS 0x00000000a2400000, 0x00000000a2400000| Untracked 
|  25|0x00000000a2500000, 0x00000000a2500000, 0x00000000a2600000|  0%| F|  |TAMS 0x00000000a2500000, 0x00000000a2500000| Untracked 
|  26|0x00000000a2600000, 0x00000000a2600000, 0x00000000a2700000|  0%| F|  |TAMS 0x00000000a2600000, 0x00000000a2600000| Untracked 
|  27|0x00000000a2700000, 0x00000000a2700000, 0x00000000a2800000|  0%| F|  |TAMS 0x00000000a2700000, 0x00000000a2700000| Untracked 
|  28|0x00000000a2800000, 0x00000000a2800000, 0x00000000a2900000|  0%| F|  |TAMS 0x00000000a2800000, 0x00000000a2800000| Untracked 
|  29|0x00000000a2900000, 0x00000000a2900000, 0x00000000a2a00000|  0%| F|  |TAMS 0x00000000a2900000, 0x00000000a2900000| Untracked 
|  30|0x00000000a2a00000, 0x00000000a2a00000, 0x00000000a2b00000|  0%| F|  |TAMS 0x00000000a2a00000, 0x00000000a2a00000| Untracked 
|  31|0x00000000a2b00000, 0x00000000a2b00000, 0x00000000a2c00000|  0%| F|  |TAMS 0x00000000a2b00000, 0x00000000a2b00000| Untracked 
|  32|0x00000000a2c00000, 0x00000000a2c00000, 0x00000000a2d00000|  0%| F|  |TAMS 0x00000000a2c00000, 0x00000000a2c00000| Untracked 
|  33|0x00000000a2d00000, 0x00000000a2d00000, 0x00000000a2e00000|  0%| F|  |TAMS 0x00000000a2d00000, 0x00000000a2d00000| Untracked 
|  34|0x00000000a2e00000, 0x00000000a2e00000, 0x00000000a2f00000|  0%| F|  |TAMS 0x00000000a2e00000, 0x00000000a2e00000| Untracked 
|  35|0x00000000a2f00000, 0x00000000a2f00000, 0x00000000a3000000|  0%| F|  |TAMS 0x00000000a2f00000, 0x00000000a2f00000| Untracked 
|  36|0x00000000a3000000, 0x00000000a3000000, 0x00000000a3100000|  0%| F|  |TAMS 0x00000000a3000000, 0x00000000a3000000| Untracked 
|  37|0x00000000a3100000, 0x00000000a3100000, 0x00000000a3200000|  0%| F|  |TAMS 0x00000000a3100000, 0x00000000a3100000| Untracked 
|  38|0x00000000a3200000, 0x00000000a3200000, 0x00000000a3300000|  0%| F|  |TAMS 0x00000000a3200000, 0x00000000a3200000| Untracked 
|  39|0x00000000a3300000, 0x00000000a3300000, 0x00000000a3400000|  0%| F|  |TAMS 0x00000000a3300000, 0x00000000a3300000| Untracked 
|  40|0x00000000a3400000, 0x00000000a3400000, 0x00000000a3500000|  0%| F|  |TAMS 0x00000000a3400000, 0x00000000a3400000| Untracked 
|  41|0x00000000a3500000, 0x00000000a3500000, 0x00000000a3600000|  0%| F|  |TAMS 0x00000000a3500000, 0x00000000a3500000| Untracked 
|  42|0x00000000a3600000, 0x00000000a3600000, 0x00000000a3700000|  0%| F|  |TAMS 0x00000000a3600000, 0x00000000a3600000| Untracked 
|  43|0x00000000a3700000, 0x00000000a3700000, 0x00000000a3800000|  0%| F|  |TAMS 0x00000000a3700000, 0x00000000a3700000| Untracked 
|  44|0x00000000a3800000, 0x00000000a3800000, 0x00000000a3900000|  0%| F|  |TAMS 0x00000000a3800000, 0x00000000a3800000| Untracked 
|  45|0x00000000a3900000, 0x00000000a3900000, 0x00000000a3a00000|  0%| F|  |TAMS 0x00000000a3900000, 0x00000000a3900000| Untracked 
|  46|0x00000000a3a00000, 0x00000000a3a00000, 0x00000000a3b00000|  0%| F|  |TAMS 0x00000000a3a00000, 0x00000000a3a00000| Untracked 
|  47|0x00000000a3b00000, 0x00000000a3b00000, 0x00000000a3c00000|  0%| F|  |TAMS 0x00000000a3b00000, 0x00000000a3b00000| Untracked 
|  48|0x00000000a3c00000, 0x00000000a3c00000, 0x00000000a3d00000|  0%| F|  |TAMS 0x00000000a3c00000, 0x00000000a3c00000| Untracked 
|  49|0x00000000a3d00000, 0x00000000a3d00000, 0x00000000a3e00000|  0%| F|  |TAMS 0x00000000a3d00000, 0x00000000a3d00000| Untracked 
|  50|0x00000000a3e00000, 0x00000000a3e00000, 0x00000000a3f00000|  0%| F|  |TAMS 0x00000000a3e00000, 0x00000000a3e00000| Untracked 
|  51|0x00000000a3f00000, 0x00000000a3f00000, 0x00000000a4000000|  0%| F|  |TAMS 0x00000000a3f00000, 0x00000000a3f00000| Untracked 
|  52|0x00000000a4000000, 0x00000000a4000000, 0x00000000a4100000|  0%| F|  |TAMS 0x00000000a4000000, 0x00000000a4000000| Untracked 
|  53|0x00000000a4100000, 0x00000000a4100000, 0x00000000a4200000|  0%| F|  |TAMS 0x00000000a4100000, 0x00000000a4100000| Untracked 
|  54|0x00000000a4200000, 0x00000000a4200000, 0x00000000a4300000|  0%| F|  |TAMS 0x00000000a4200000, 0x00000000a4200000| Untracked 
|  55|0x00000000a4300000, 0x00000000a4300000, 0x00000000a4400000|  0%| F|  |TAMS 0x00000000a4300000, 0x00000000a4300000| Untracked 
|  56|0x00000000a4400000, 0x00000000a4400000, 0x00000000a4500000|  0%| F|  |TAMS 0x00000000a4400000, 0x00000000a4400000| Untracked 
|  57|0x00000000a4500000, 0x00000000a4500000, 0x00000000a4600000|  0%| F|  |TAMS 0x00000000a4500000, 0x00000000a4500000| Untracked 
|  58|0x00000000a4600000, 0x00000000a46affd0, 0x00000000a4700000| 68%| S|CS|TAMS 0x00000000a4600000, 0x00000000a4600000| Complete 
|  59|0x00000000a4700000, 0x00000000a4800000, 0x00000000a4800000|100%| S|CS|TAMS 0x00000000a4700000, 0x00000000a4700000| Complete 
|  60|0x00000000a4800000, 0x00000000a4900000, 0x00000000a4900000|100%| S|CS|TAMS 0x00000000a4800000, 0x00000000a4800000| Complete 
|  61|0x00000000a4900000, 0x00000000a4a00000, 0x00000000a4a00000|100%| S|CS|TAMS 0x00000000a4900000, 0x00000000a4900000| Complete 
|  62|0x00000000a4a00000, 0x00000000a4a00000, 0x00000000a4b00000|  0%| F|  |TAMS 0x00000000a4a00000, 0x00000000a4a00000| Untracked 
|  63|0x00000000a4b00000, 0x00000000a4b00000, 0x00000000a4c00000|  0%| F|  |TAMS 0x00000000a4b00000, 0x00000000a4b00000| Untracked 
|  64|0x00000000a4c00000, 0x00000000a4c00000, 0x00000000a4d00000|  0%| F|  |TAMS 0x00000000a4c00000, 0x00000000a4c00000| Untracked 
|  65|0x00000000a4d00000, 0x00000000a4d00000, 0x00000000a4e00000|  0%| F|  |TAMS 0x00000000a4d00000, 0x00000000a4d00000| Untracked 
|  66|0x00000000a4e00000, 0x00000000a4e00000, 0x00000000a4f00000|  0%| F|  |TAMS 0x00000000a4e00000, 0x00000000a4e00000| Untracked 
|  67|0x00000000a4f00000, 0x00000000a4f00000, 0x00000000a5000000|  0%| F|  |TAMS 0x00000000a4f00000, 0x00000000a4f00000| Untracked 
|  68|0x00000000a5000000, 0x00000000a5000000, 0x00000000a5100000|  0%| F|  |TAMS 0x00000000a5000000, 0x00000000a5000000| Untracked 
|  69|0x00000000a5100000, 0x00000000a5100000, 0x00000000a5200000|  0%| F|  |TAMS 0x00000000a5100000, 0x00000000a5100000| Untracked 
|  70|0x00000000a5200000, 0x00000000a5200000, 0x00000000a5300000|  0%| F|  |TAMS 0x00000000a5200000, 0x00000000a5200000| Untracked 
|  71|0x00000000a5300000, 0x00000000a5300000, 0x00000000a5400000|  0%| F|  |TAMS 0x00000000a5300000, 0x00000000a5300000| Untracked 
|  72|0x00000000a5400000, 0x00000000a5400000, 0x00000000a5500000|  0%| F|  |TAMS 0x00000000a5400000, 0x00000000a5400000| Untracked 
|  73|0x00000000a5500000, 0x00000000a5500000, 0x00000000a5600000|  0%| F|  |TAMS 0x00000000a5500000, 0x00000000a5500000| Untracked 
|  74|0x00000000a5600000, 0x00000000a5600000, 0x00000000a5700000|  0%| F|  |TAMS 0x00000000a5600000, 0x00000000a5600000| Untracked 
|  75|0x00000000a5700000, 0x00000000a5700000, 0x00000000a5800000|  0%| F|  |TAMS 0x00000000a5700000, 0x00000000a5700000| Untracked 
|  76|0x00000000a5800000, 0x00000000a5800000, 0x00000000a5900000|  0%| F|  |TAMS 0x00000000a5800000, 0x00000000a5800000| Untracked 
|  77|0x00000000a5900000, 0x00000000a5900000, 0x00000000a5a00000|  0%| F|  |TAMS 0x00000000a5900000, 0x00000000a5900000| Untracked 
|  78|0x00000000a5a00000, 0x00000000a5a00000, 0x00000000a5b00000|  0%| F|  |TAMS 0x00000000a5a00000, 0x00000000a5a00000| Untracked 
|  79|0x00000000a5b00000, 0x00000000a5b00000, 0x00000000a5c00000|  0%| F|  |TAMS 0x00000000a5b00000, 0x00000000a5b00000| Untracked 
|  80|0x00000000a5c00000, 0x00000000a5c00000, 0x00000000a5d00000|  0%| F|  |TAMS 0x00000000a5c00000, 0x00000000a5c00000| Untracked 
|  81|0x00000000a5d00000, 0x00000000a5d00000, 0x00000000a5e00000|  0%| F|  |TAMS 0x00000000a5d00000, 0x00000000a5d00000| Untracked 
|  82|0x00000000a5e00000, 0x00000000a5e00000, 0x00000000a5f00000|  0%| F|  |TAMS 0x00000000a5e00000, 0x00000000a5e00000| Untracked 
|  83|0x00000000a5f00000, 0x00000000a5f00000, 0x00000000a6000000|  0%| F|  |TAMS 0x00000000a5f00000, 0x00000000a5f00000| Untracked 
|  84|0x00000000a6000000, 0x00000000a6000000, 0x00000000a6100000|  0%| F|  |TAMS 0x00000000a6000000, 0x00000000a6000000| Untracked 
|  85|0x00000000a6100000, 0x00000000a6100000, 0x00000000a6200000|  0%| F|  |TAMS 0x00000000a6100000, 0x00000000a6100000| Untracked 
|  86|0x00000000a6200000, 0x00000000a6200000, 0x00000000a6300000|  0%| F|  |TAMS 0x00000000a6200000, 0x00000000a6200000| Untracked 
|  87|0x00000000a6300000, 0x00000000a6300000, 0x00000000a6400000|  0%| F|  |TAMS 0x00000000a6300000, 0x00000000a6300000| Untracked 
|  88|0x00000000a6400000, 0x00000000a6400000, 0x00000000a6500000|  0%| F|  |TAMS 0x00000000a6400000, 0x00000000a6400000| Untracked 
|  89|0x00000000a6500000, 0x00000000a6500000, 0x00000000a6600000|  0%| F|  |TAMS 0x00000000a6500000, 0x00000000a6500000| Untracked 
|  90|0x00000000a6600000, 0x00000000a6600000, 0x00000000a6700000|  0%| F|  |TAMS 0x00000000a6600000, 0x00000000a6600000| Untracked 
|  91|0x00000000a6700000, 0x00000000a671d220, 0x00000000a6800000| 11%| E|  |TAMS 0x00000000a6700000, 0x00000000a6700000| Complete 
|  92|0x00000000a6800000, 0x00000000a6900000, 0x00000000a6900000|100%| E|CS|TAMS 0x00000000a6800000, 0x00000000a6800000| Complete 
|  93|0x00000000a6900000, 0x00000000a6a00000, 0x00000000a6a00000|100%| E|CS|TAMS 0x00000000a6900000, 0x00000000a6900000| Complete 
|  94|0x00000000a6a00000, 0x00000000a6b00000, 0x00000000a6b00000|100%| E|CS|TAMS 0x00000000a6a00000, 0x00000000a6a00000| Complete 
|  95|0x00000000a6b00000, 0x00000000a6c00000, 0x00000000a6c00000|100%| E|CS|TAMS 0x00000000a6b00000, 0x00000000a6b00000| Complete 

Card table byte_map: [0x0000022ffd8f0000,0x0000022ffdbf0000] _byte_map_base: 0x0000022ffd3ea000

Marking Bits (Prev, Next): (CMBitMap*) 0x0000022ffd217fb0, (CMBitMap*) 0x0000022ffd217f78
 Prev Bits: [0x0000022f965d0000, 0x0000022f97da0000)
 Next Bits: [0x0000022ffdef0000, 0x0000022fff6c0000)

Polling page: 0x0000022ffb0e0000

Metaspace:

Usage:
  Non-class:     23.79 MB capacity,    23.31 MB ( 98%) used,   394.40 KB (  2%) free+waste,    98.19 KB ( <1%) overhead. 
      Class:      3.45 MB capacity,     3.08 MB ( 89%) used,   327.01 KB (  9%) free+waste,    51.00 KB (  1%) overhead. 
       Both:     27.24 MB capacity,    26.39 MB ( 97%) used,   721.41 KB (  3%) free+waste,   149.19 KB ( <1%) overhead. 

Virtual space:
  Non-class space:       24.00 MB reserved,      24.00 MB (>99%) committed 
      Class space:        1.00 GB reserved,       3.50 MB ( <1%) committed 
             Both:        1.02 GB reserved,      27.50 MB (  3%) committed 

Chunk freelists:
   Non-Class:  2.25 KB
       Class:  2.00 KB
        Both:  4.25 KB

CodeHeap 'non-profiled nmethods': size=120000Kb used=855Kb max_used=855Kb free=119144Kb
 bounds [0x0000022f8f0a0000, 0x0000022f8f310000, 0x0000022f965d0000]
CodeHeap 'profiled nmethods': size=120000Kb used=3925Kb max_used=3925Kb free=116074Kb
 bounds [0x0000022f87b70000, 0x0000022f87f50000, 0x0000022f8f0a0000]
CodeHeap 'non-nmethods': size=5760Kb used=1193Kb max_used=1217Kb free=4567Kb
 bounds [0x0000022f875d0000, 0x0000022f87840000, 0x0000022f87b70000]
 total_blobs=2551 nmethods=2006 adapters=456
 compilation: enabled
              stopped_count=0, restarted_count=0
 full_count=0

Compilation events (10 events):
Event: 2.827 Thread 0x0000022f99f7c800 nmethod 2003 0x0000022f8f174d10 code [0x0000022f8f174ea0, 0x0000022f8f174f58]
Event: 2.830 Thread 0x0000022f99f75000 2006       4       java.lang.String::indexOf (113 bytes)
Event: 2.833 Thread 0x0000022f99f75000 nmethod 2006 0x0000022f8f175490 code [0x0000022f8f175620, 0x0000022f8f175958]
Event: 2.838 Thread 0x0000022f99f7c800 2007       3       java.util.logging.LogManager$LoggerContext::requiresDefaultLoggers (29 bytes)
Event: 2.839 Thread 0x0000022f99f7c800 nmethod 2007 0x0000022f87f44a90 code [0x0000022f87f44c40, 0x0000022f87f44e48]
Event: 2.842 Thread 0x0000022f99f75000 2008       4       java.io.InputStream::<init> (5 bytes)
Event: 2.842 Thread 0x0000022f99f75000 nmethod 2008 0x0000022f8f175b90 code [0x0000022f8f175d00, 0x0000022f8f175d98]
Event: 2.847 Thread 0x0000022f99f75000 2009       4       java.net.URLStreamHandler::parseURL (1201 bytes)
Event: 2.863 Thread 0x0000022f99f7c800 2011       3       jdk.internal.misc.Unsafe::checkPointer (19 bytes)
Event: 2.864 Thread 0x0000022f99f7c800 nmethod 2011 0x0000022f87f44f10 code [0x0000022f87f450e0, 0x0000022f87f45468]

GC Heap History (6 events):
Event: 1.379 GC heap before
{Heap before GC invocations=0 (full 0):
 garbage-first heap   total 98304K, used 23552K [0x00000000a0c00000, 0x0000000100000000)
  region size 1024K, 24 young (24576K), 0 survivors (0K)
 Metaspace       used 14782K, capacity 15404K, committed 15744K, reserved 1062912K
  class space    used 1568K, capacity 1823K, committed 1920K, reserved 1048576K
}
Event: 1.393 GC heap after
{Heap after GC invocations=1 (full 0):
 garbage-first heap   total 98304K, used 5231K [0x00000000a0c00000, 0x0000000100000000)
  region size 1024K, 3 young (3072K), 3 survivors (3072K)
 Metaspace       used 14782K, capacity 15404K, committed 15744K, reserved 1062912K
  class space    used 1568K, capacity 1823K, committed 1920K, reserved 1048576K
}
Event: 1.939 GC heap before
{Heap before GC invocations=1 (full 0):
 garbage-first heap   total 98304K, used 27759K [0x00000000a0c00000, 0x0000000100000000)
  region size 1024K, 26 young (26624K), 3 survivors (3072K)
 Metaspace       used 20429K, capacity 21118K, committed 21248K, reserved 1069056K
  class space    used 2251K, capacity 2539K, committed 2560K, reserved 1048576K
}
Event: 1.948 GC heap after
{Heap after GC invocations=2 (full 0):
 garbage-first heap   total 98304K, used 7259K [0x00000000a0c00000, 0x0000000100000000)
  region size 1024K, 5 young (5120K), 5 survivors (5120K)
 Metaspace       used 20429K, capacity 21118K, committed 21248K, reserved 1069056K
  class space    used 2251K, capacity 2539K, committed 2560K, reserved 1048576K
}
Event: 2.790 GC heap before
{Heap before GC invocations=3 (full 0):
 garbage-first heap   total 98304K, used 36955K [0x00000000a0c00000, 0x0000000100000000)
  region size 1024K, 34 young (34816K), 5 survivors (5120K)
 Metaspace       used 26272K, capacity 27223K, committed 27260K, reserved 1073152K
  class space    used 3042K, capacity 3439K, committed 3456K, reserved 1048576K
}
Event: 2.801 GC heap after
{Heap after GC invocations=4 (full 0):
 garbage-first heap   total 98304K, used 8976K [0x00000000a0c00000, 0x0000000100000000)
  region size 1024K, 4 young (4096K), 4 survivors (4096K)
 Metaspace       used 26272K, capacity 27223K, committed 27260K, reserved 1073152K
  class space    used 3042K, capacity 3439K, committed 3456K, reserved 1048576K
}

Deoptimization events (10 events):
Event: 1.482 Thread 0x0000022ffd1e3800 Uncommon trap: reason=bimorphic_or_optimized_type_check action=maybe_recompile pc=0x0000022f8f0d31a8 method=java.util.HashMap.putVal(ILjava/lang/Object;Ljava/lang/Object;ZZ)Ljava/lang/Object; @ 56 c2
Event: 1.482 Thread 0x0000022ffd1e3800 Uncommon trap: reason=bimorphic_or_optimized_type_check action=maybe_recompile pc=0x0000022f8f0d31a8 method=java.util.HashMap.putVal(ILjava/lang/Object;Ljava/lang/Object;ZZ)Ljava/lang/Object; @ 56 c2
Event: 1.482 Thread 0x0000022ffd1e3800 Uncommon trap: reason=bimorphic_or_optimized_type_check action=maybe_recompile pc=0x0000022f8f0d31a8 method=java.util.HashMap.putVal(ILjava/lang/Object;Ljava/lang/Object;ZZ)Ljava/lang/Object; @ 56 c2
Event: 1.482 Thread 0x0000022ffd1e3800 Uncommon trap: reason=bimorphic_or_optimized_type_check action=maybe_recompile pc=0x0000022f8f0d31a8 method=java.util.HashMap.putVal(ILjava/lang/Object;Ljava/lang/Object;ZZ)Ljava/lang/Object; @ 56 c2
Event: 1.602 Thread 0x0000022ffd1e3800 Uncommon trap: reason=bimorphic_or_optimized_type_check action=maybe_recompile pc=0x0000022f8f0da884 method=java.util.HashMap.getNode(ILjava/lang/Object;)Ljava/util/HashMap$Node; @ 126 c2
Event: 1.781 Thread 0x0000022ffd1e3800 Uncommon trap: reason=bimorphic_or_optimized_type_check action=maybe_recompile pc=0x0000022f8f0da884 method=java.util.HashMap.getNode(ILjava/lang/Object;)Ljava/util/HashMap$Node; @ 126 c2
Event: 2.159 Thread 0x0000022ffd1e3800 Uncommon trap: reason=intrinsic_or_type_checked_inlining action=make_not_entrant pc=0x0000022f8f14ce48 method=java.util.Arrays.copyOf([Ljava/lang/Object;ILjava/lang/Class;)[Ljava/lang/Object; @ 35 c2
Event: 2.172 Thread 0x0000022ffd1e3800 Uncommon trap: reason=unstable_if action=reinterpret pc=0x0000022f8f11eec8 method=java.lang.String.replace(CC)Ljava/lang/String; @ 2 c2
Event: 2.312 Thread 0x0000022ffd1e3800 Uncommon trap: reason=unstable_if action=reinterpret pc=0x0000022f8f0eb4e4 method=jdk.internal.org.objectweb.asm.Type.getArgumentsAndReturnSizes(Ljava/lang/String;)I @ 41 c2
Event: 2.356 Thread 0x0000022ffd1e3800 Uncommon trap: reason=unstable_if action=reinterpret pc=0x0000022f8f147498 method=java.io.ByteArrayInputStream.read([BII)I @ 35 c2

Classes redefined (0 events):
No events

Internal exceptions (10 events):
Event: 2.242 Thread 0x0000022f9c363800 Exception <a 'java/net/ConnectException'{0x00000000a5ee80b0}: Connection refused: connect> (0x00000000a5ee80b0) thrown at [./open/src/hotspot/share/prims/jni.cpp, line 632]
Event: 2.261 Thread 0x0000022f9c363800 Exception <a 'java/net/ConnectException'{0x00000000a5ee9180}: Connection refused: connect> (0x00000000a5ee9180) thrown at [./open/src/hotspot/share/prims/jni.cpp, line 632]
Event: 2.312 Thread 0x0000022ffd1e3800 Exception <a 'java/lang/NoSuchMethodError'{0x00000000a5d935f8}: java.lang.invoke.DirectMethodHandle$Holder.invokeVirtual(Ljava/lang/Object;Ljava/lang/Object;)D> (0x00000000a5d935f8) thrown at [./open/src/hotspot/share/interpreter/linkResolver.cpp, line 77
Event: 2.313 Thread 0x0000022ffd1e3800 Exception <a 'java/lang/NoSuchMethodError'{0x00000000a5d993b0}: java.lang.invoke.DirectMethodHandle$Holder.invokeVirtual(Ljava/lang/Object;Ljava/lang/Object;)F> (0x00000000a5d993b0) thrown at [./open/src/hotspot/share/interpreter/linkResolver.cpp, line 77
Event: 2.313 Thread 0x0000022ffd1e3800 Exception <a 'java/lang/NoSuchMethodError'{0x00000000a5da1848}: java.lang.invoke.DirectMethodHandle$Holder.invokeVirtual(Ljava/lang/Object;Ljava/lang/Object;)J> (0x00000000a5da1848) thrown at [./open/src/hotspot/share/interpreter/linkResolver.cpp, line 77
Event: 2.319 Thread 0x0000022ffd1e3800 Exception <a 'java/lang/NoSuchMethodError'{0x00000000a5ddde38}: java.lang.invoke.DirectMethodHandle$Holder.invokeVirtual(Ljava/lang/Object;Ljava/lang/Object;Ljava/lang/Object;)Ljava/lang/Object;> (0x00000000a5ddde38) thrown at [./open/src/hotspot/share/in
Event: 2.341 Thread 0x0000022ffd1e3800 Exception <a 'java/lang/NoSuchMethodError'{0x00000000a5b13628}: java.lang.invoke.DirectMethodHandle$Holder.invokeSpecial(Ljava/lang/Object;Ljava/lang/Object;Ljava/lang/Object;Ljava/lang/Object;Ljava/lang/Object;)V> (0x00000000a5b13628) thrown at [./open/s
Event: 2.342 Thread 0x0000022ffd1e3800 Exception <a 'java/lang/NoSuchMethodError'{0x00000000a5b1a0f0}: java.lang.invoke.DirectMethodHandle$Holder.invokeStatic(Ljava/lang/Object;Ljava/lang/Object;I)V> (0x00000000a5b1a0f0) thrown at [./open/src/hotspot/share/interpreter/linkResolver.cpp, line 77
Event: 2.394 Thread 0x0000022ffd1e3800 Exception <a 'java/lang/NoSuchMethodError'{0x00000000a59a29b0}: java.lang.invoke.DirectMethodHandle$Holder.invokeSpecialIFC(Ljava/lang/Object;Ljava/lang/Object;Ljava/lang/Object;)I> (0x00000000a59a29b0) thrown at [./open/src/hotspot/share/interpreter/link
Event: 2.485 Thread 0x0000022ffd1e3800 Exception <a 'java/lang/NoSuchMethodError'{0x00000000a53e4ff8}: java.lang.invoke.DirectMethodHandle$Holder.invokeSpecial(Ljava/lang/Object;Ljava/lang/Object;Ljava/lang/Object;Ljava/lang/Object;Ljava/lang/Object;Ljava/lang/Object;)V> (0x00000000a53e4ff8) t

Events (10 events):
Event: 2.864 loading class io/netty/buffer/PoolThreadCache$MemoryRegionCache$Entry
Event: 2.864 loading class io/netty/buffer/PoolThreadCache$MemoryRegionCache$Entry done
Event: 2.865 loading class sun/nio/ch/IOVecWrapper
Event: 2.865 loading class sun/nio/ch/IOVecWrapper done
Event: 2.865 loading class sun/nio/ch/IOVecWrapper$Deallocator
Event: 2.865 loading class sun/nio/ch/IOVecWrapper$Deallocator done
Event: 2.865 loading class io/netty/util/internal/PromiseNotificationUtil
Event: 2.865 loading class io/netty/util/internal/PromiseNotificationUtil done
Event: 2.866 loading class org/asynchttpclient/AsyncHandler$State
Event: 2.866 loading class org/asynchttpclient/AsyncHandler$State done


Dynamic libraries:
0x00007ff666390000 - 0x00007ff66639f000 	C:\Program Files\jdk-11.0.16.1\bin\java.exe
0x00007fff52ab0000 - 0x00007fff52ca8000 	C:\WINDOWS\SYSTEM32\ntdll.dll
0x00007fff51c00000 - 0x00007fff51cbf000 	C:\WINDOWS\System32\KERNEL32.DLL
0x00007fff50340000 - 0x00007fff50612000 	C:\WINDOWS\System32\KERNELBASE.dll
0x00007fff501a0000 - 0x00007fff502a0000 	C:\WINDOWS\System32\ucrtbase.dll
0x00007fff4af40000 - 0x00007fff4af58000 	C:\Program Files\jdk-11.0.16.1\bin\jli.dll
0x00007fff4af60000 - 0x00007fff4af75000 	C:\Program Files\jdk-11.0.16.1\bin\VCRUNTIME140.dll
0x00007fff51af0000 - 0x00007fff51b9e000 	C:\WINDOWS\System32\ADVAPI32.dll
0x00007fff51830000 - 0x00007fff518ce000 	C:\WINDOWS\System32\msvcrt.dll
0x00007fff529c0000 - 0x00007fff52a5c000 	C:\WINDOWS\System32\sechost.dll
0x00007fff50eb0000 - 0x00007fff50fd5000 	C:\WINDOWS\System32\RPCRT4.dll
0x00007fff50ba0000 - 0x00007fff50d41000 	C:\WINDOWS\System32\USER32.dll
0x00007fff502a0000 - 0x00007fff502c2000 	C:\WINDOWS\System32\win32u.dll
0x00007fff407a0000 - 0x00007fff40a3a000 	C:\WINDOWS\WinSxS\amd64_microsoft.windows.common-controls_6595b64144ccf1df_6.0.19041.1110_none_60b5254171f9507e\COMCTL32.dll
0x00007fff519e0000 - 0x00007fff51a0b000 	C:\WINDOWS\System32\GDI32.dll
0x00007fff508a0000 - 0x00007fff509af000 	C:\WINDOWS\System32\gdi32full.dll
0x00007fff50620000 - 0x00007fff506bd000 	C:\WINDOWS\System32\msvcp_win.dll
0x00007fff480b0000 - 0x00007fff480ba000 	C:\WINDOWS\SYSTEM32\VERSION.dll
0x00007fff50d50000 - 0x00007fff50d82000 	C:\WINDOWS\System32\IMM32.DLL
0x00007fff4aea0000 - 0x00007fff4af3b000 	C:\Program Files\jdk-11.0.16.1\bin\msvcp140.dll
0x00007ffef4ac0000 - 0x00007ffef55d8000 	C:\Program Files\jdk-11.0.16.1\bin\server\jvm.dll
0x00007fff513b0000 - 0x00007fff513b8000 	C:\WINDOWS\System32\PSAPI.DLL
0x00007fff46790000 - 0x00007fff467b7000 	C:\WINDOWS\SYSTEM32\WINMM.dll
0x00007fff4bc80000 - 0x00007fff4bc89000 	C:\WINDOWS\SYSTEM32\WSOCK32.dll
0x00007fff51340000 - 0x00007fff513ab000 	C:\WINDOWS\System32\WS2_32.dll
0x00007fff4e060000 - 0x00007fff4e072000 	C:\WINDOWS\SYSTEM32\kernel.appcore.dll
0x00007fff4bbe0000 - 0x00007fff4bbf0000 	C:\Program Files\jdk-11.0.16.1\bin\verify.dll
0x00007fff48330000 - 0x00007fff48514000 	C:\WINDOWS\SYSTEM32\DBGHELP.DLL
0x00007fff37210000 - 0x00007fff37245000 	C:\WINDOWS\SYSTEM32\dbgcore.DLL
0x00007fff50a60000 - 0x00007fff50ae2000 	C:\WINDOWS\System32\bcryptPrimitives.dll
0x00007fff4ae70000 - 0x00007fff4ae98000 	C:\Program Files\jdk-11.0.16.1\bin\java.dll
0x00007fff4ae60000 - 0x00007fff4ae6a000 	C:\Program Files\jdk-11.0.16.1\bin\jimage.dll
0x00007fff49cd0000 - 0x00007fff49cde000 	C:\Program Files\jdk-11.0.16.1\bin\instrument.dll
0x00007fff4ae40000 - 0x00007fff4ae56000 	C:\Program Files\jdk-11.0.16.1\bin\zip.dll
0x00007fff51d50000 - 0x00007fff52494000 	C:\WINDOWS\System32\SHELL32.dll
0x00007fff4e260000 - 0x00007fff4e9f2000 	C:\WINDOWS\SYSTEM32\windows.storage.dll
0x00007fff52600000 - 0x00007fff52955000 	C:\WINDOWS\System32\combase.dll
0x00007fff4fb20000 - 0x00007fff4fb50000 	C:\WINDOWS\SYSTEM32\Wldp.dll
0x00007fff518d0000 - 0x00007fff5197d000 	C:\WINDOWS\System32\SHCORE.dll
0x00007fff51ba0000 - 0x00007fff51bf5000 	C:\WINDOWS\System32\shlwapi.dll
0x00007fff500e0000 - 0x00007fff500ff000 	C:\WINDOWS\SYSTEM32\profapi.dll
0x00007fff4ae20000 - 0x00007fff4ae39000 	C:\Program Files\jdk-11.0.16.1\bin\net.dll
0x00007fff48f90000 - 0x00007fff4909c000 	C:\WINDOWS\SYSTEM32\WINHTTP.dll
0x00007fff4f880000 - 0x00007fff4f8ea000 	C:\WINDOWS\system32\mswsock.dll
0x00007fff49d00000 - 0x00007fff49d12000 	C:\Program Files\jdk-11.0.16.1\bin\nio.dll
0x00007fff49c80000 - 0x00007fff49c9a000 	C:\Users\ASUS\IntelliJ IDEA Community Edition 2022.3\bin\breakgen64.dll
0x00007fff4fa70000 - 0x00007fff4fa88000 	C:\WINDOWS\SYSTEM32\CRYPTSP.dll
0x00007fff4f1a0000 - 0x00007fff4f1d4000 	C:\WINDOWS\system32\rsaenh.dll
0x00007fff50870000 - 0x00007fff50897000 	C:\WINDOWS\System32\bcrypt.dll
0x00007fff50060000 - 0x00007fff5008e000 	C:\WINDOWS\SYSTEM32\USERENV.dll
0x00007fff4fa90000 - 0x00007fff4fa9c000 	C:\WINDOWS\SYSTEM32\CRYPTBASE.dll
0x00007fff4f570000 - 0x00007fff4f5ab000 	C:\WINDOWS\SYSTEM32\IPHLPAPI.DLL
0x00007fff52a60000 - 0x00007fff52a68000 	C:\WINDOWS\System32\NSI.dll
0x00007fff47fb0000 - 0x00007fff47fc7000 	C:\WINDOWS\SYSTEM32\dhcpcsvc6.DLL
0x00007fff48150000 - 0x00007fff4816d000 	C:\WINDOWS\SYSTEM32\dhcpcsvc.DLL
0x00007fff4f5b0000 - 0x00007fff4f67a000 	C:\WINDOWS\SYSTEM32\DNSAPI.dll
0x0000000071db0000 - 0x0000000071dd6000 	C:\Program Files\Bonjour\mdnsNSP.dll
0x00007fff412f0000 - 0x00007fff412fa000 	C:\Windows\System32\rasadhlp.dll
0x00007fff41370000 - 0x00007fff413f0000 	C:\WINDOWS\System32\fwpuclnt.dll
0x00007fff49c60000 - 0x00007fff49c69000 	C:\Program Files\jdk-11.0.16.1\bin\management.dll
0x00007fff49c50000 - 0x00007fff49c5b000 	C:\Program Files\jdk-11.0.16.1\bin\management_ext.dll
0x00007fff438e0000 - 0x00007fff43905000 	C:\Program Files\jdk-11.0.16.1\bin\sunec.dll

dbghelp: loaded successfully - version: 4.0.5 - missing functions: none
symbol engine: initialized successfully - sym options: 0x614 - pdb path: .;C:\Program Files\jdk-11.0.16.1\bin;C:\WINDOWS\SYSTEM32;C:\WINDOWS\WinSxS\amd64_microsoft.windows.common-controls_6595b64144ccf1df_6.0.19041.1110_none_60b5254171f9507e;C:\Program Files\jdk-11.0.16.1\bin\server;C:\Users\ASUS\IntelliJ IDEA Community Edition 2022.3\bin;C:\Program Files\Bonjour

VM Arguments:
jvm_args: -ea -Didea.test.cyclic.buffer.size=1048576 -javaagent:C:\Users\ASUS\IntelliJ IDEA Community Edition 2022.3\lib\idea_rt.jar=58912:C:\Users\ASUS\IntelliJ IDEA Community Edition 2022.3\bin -Dfile.encoding=UTF-8 
java_command: com.intellij.rt.testng.RemoteTestNGStarter -usedefaultlisteners false -socket58911 @w@C:\Users\ASUS\AppData\Local\Temp\idea_working_dirs_testng.tmp -temp C:\Users\ASUS\AppData\Local\Temp\idea_testng.tmp
java_class_path (initial): C:\Users\ASUS\IntelliJ IDEA Community Edition 2022.3\lib\idea_rt.jar;C:\Users\ASUS\IntelliJ IDEA Community Edition 2022.3\plugins\testng\lib\testng-rt.jar;C:\Users\ASUS\IdeaProjects\untitled\target\test-classes;C:\Users\ASUS\IdeaProjects\untitled\target\classes;C:\Users\ASUS\.m2\repository\org\testng\testng\7.7.1\testng-7.7.1.jar;C:\Users\ASUS\.m2\repository\org\slf4j\slf4j-api\1.7.36\slf4j-api-1.7.36.jar;C:\Users\ASUS\.m2\repository\com\beust\jcommander\1.82\jcommander-1.82.jar;C:\Users\ASUS\.m2\repository\org\webjars\jquery\3.6.1\jquery-3.6.1.jar;C:\Users\ASUS\.m2\repository\org\seleniumhq\selenium\selenium-java\4.7.2\selenium-java-4.7.2.jar;C:\Users\ASUS\.m2\repository\org\seleniumhq\selenium\selenium-api\4.7.2\selenium-api-4.7.2.jar;C:\Users\ASUS\.m2\repository\org\seleniumhq\selenium\selenium-chrome-driver\4.7.2\selenium-chrome-driver-4.7.2.jar;C:\Users\ASUS\.m2\repository\com\google\auto\service\auto-service-annotations\1.0.1\auto-service-annotations-1.0.1.jar;C:\Users\ASUS\.m2\repository\com\google\auto\service\auto-service\1.0.1\auto-service-1.0.1.jar;C:\Users\ASUS\.m2\repository\com\google\auto\auto-common\1.2\auto-common-1.2.jar;C:\Users\ASUS\.m2\repository\com\google\guava\guava\31.1-jre\guava-31.1-jre.jar;C:\Users\ASUS\.m2\repository\com\google\guava\failureaccess\1.0.1\failureaccess-1.0.1.jar;C:\Users\ASUS\.m2\repository\com\google\guava\listenablefuture\9999.0-empty-to-avoid-conflict-with-guava\listenablefuture-9999.0-empty-to-avoid-conflict-with-guava.jar;C:\Users\ASUS\.m2\repository\com\google\code\findbugs\jsr305\3.0.2\jsr305-3.0.2.jar;C:\Users\ASUS\.m2\repository\org\checkerframework\checker-qual\3.12.0\checker-qual-3.12.0.jar;C:\Users\ASUS\.m2\repository\com\google\errorprone\error_prone_annotations\2.11.0\error_prone_annotations-2.11.0.jar;C:\Users\ASUS\.m2\repository\com\google\j2objc\j2objc-annotations\1.3\j2objc-annotations-1.3.jar;C:\Users\ASUS\.m2\repository\org\seleniumhq\selenium\selenium-chromium-driver\4.7.2\
Launcher Type: SUN_STANDARD

[Global flags]
     intx CICompilerCount                          = 4                                         {product} {ergonomic}
     uint ConcGCThreads                            = 2                                         {product} {ergonomic}
     uint G1ConcRefinementThreads                  = 8                                         {product} {ergonomic}
   size_t G1HeapRegionSize                         = 1048576                                   {product} {ergonomic}
    uintx GCDrainStackTargetSize                   = 64                                        {product} {ergonomic}
   size_t InitialHeapSize                          = 100663296                                 {product} {ergonomic}
   size_t MarkStackSize                            = 4194304                                   {product} {ergonomic}
   size_t MaxHeapSize                              = 1598029824                                {product} {ergonomic}
   size_t MaxNewSize                               = 958398464                                 {product} {ergonomic}
   size_t MinHeapDeltaBytes                        = 1048576                                   {product} {ergonomic}
    uintx NonNMethodCodeHeapSize                   = 5836300                                {pd product} {ergonomic}
    uintx NonProfiledCodeHeapSize                  = 122910970                              {pd product} {ergonomic}
    uintx ProfiledCodeHeapSize                     = 122910970                              {pd product} {ergonomic}
    uintx ReservedCodeCacheSize                    = 251658240                              {pd product} {ergonomic}
     bool SegmentedCodeCache                       = true                                      {product} {ergonomic}
     bool UseCompressedClassPointers               = true                                 {lp64_product} {ergonomic}
     bool UseCompressedOops                        = true                                 {lp64_product} {ergonomic}
     bool UseG1GC                                  = true                                      {product} {ergonomic}
     bool UseLargePagesIndividualAllocation        = false                                  {pd product} {ergonomic}

Logging:
Log output configuration:
 #0: stdout all=warning uptime,level,tags
 #1: stderr all=off uptime,level,tags

Environment Variables:
PATH=C:\WINDOWS\system32;C:\WINDOWS;C:\WINDOWS\System32\Wbem;C:\WINDOWS\System32\WindowsPowerShell\v1.0\;C:\WINDOWS\System32\OpenSSH\;C:\Program Files\Git\cmd;C:\Program Files\jdk-11.0.16.1\bin;C:\Program Files\apache-maven-3.8.7\bin;C:\Users\ASUS\AppData\Local\Microsoft\WindowsApps;;C:\Users\ASUS\IntelliJ IDEA Community Edition 2022.3\bin;;C:\Users\ASUS\AppData\Local\Programs\Microsoft VS Code\bin
USERNAME=ASUS
OS=Windows_NT
PROCESSOR_IDENTIFIER=AMD64 Family 23 Model 24 Stepping 1, AuthenticAMD



---------------  S Y S T E M  ---------------

OS: Windows 10 , 64 bit Build 19041 (10.0.19041.2364)

CPU:total 8 (initial active 8) (8 cores per cpu, 2 threads per core) family 23 model 24 stepping 1 microcode 0x0, cmov, cx8, fxsr, mmx, sse, sse2, sse3, ssse3, sse4.1, sse4.2, popcnt, avx, avx2, aes, clmul, mmxext, 3dnowpref, lzcnt, sse4a, ht, tsc, tscinvbit, tscinv, bmi1, bmi2, adx, s

Memory: 4k page, system-wide physical 6091M (674M free)
TotalPageFile size 8107M (AvailPageFile size 6M)
current process WorkingSet (physical memory assigned to process): 138M, peak: 138M
current process commit charge ("private bytes"): 227M, peak: 228M

vm_info: Java HotSpot(TM) 64-Bit Server VM (11.0.16.1+1-LTS-1) for windows-amd64 JRE (11.0.16.1+1-LTS-1), built on Aug 16 2022 01:46:01 by "mach5one" with MS VC++ 15.9 (VS2017)

END.
